

Started GET "/" for ::1 at 2015-11-18 12:07:37 -0800

ActiveRecord::NoDatabaseError (FATAL:  database "reimburser_rails_app_development" does not exist
):
  activerecord (4.2.4) lib/active_record/connection_adapters/postgresql_adapter.rb:665:in `rescue in connect'
  activerecord (4.2.4) lib/active_record/connection_adapters/postgresql_adapter.rb:655:in `connect'
  activerecord (4.2.4) lib/active_record/connection_adapters/postgresql_adapter.rb:242:in `initialize'
  activerecord (4.2.4) lib/active_record/connection_adapters/postgresql_adapter.rb:44:in `new'
  activerecord (4.2.4) lib/active_record/connection_adapters/postgresql_adapter.rb:44:in `postgresql_connection'
  activerecord (4.2.4) lib/active_record/connection_adapters/abstract/connection_pool.rb:438:in `new_connection'
  activerecord (4.2.4) lib/active_record/connection_adapters/abstract/connection_pool.rb:448:in `checkout_new_connection'
  activerecord (4.2.4) lib/active_record/connection_adapters/abstract/connection_pool.rb:422:in `acquire_connection'
  activerecord (4.2.4) lib/active_record/connection_adapters/abstract/connection_pool.rb:349:in `block in checkout'
  /Users/Master2015/.rvm/rubies/ruby-2.2.1/lib/ruby/2.2.0/monitor.rb:211:in `mon_synchronize'
  activerecord (4.2.4) lib/active_record/connection_adapters/abstract/connection_pool.rb:348:in `checkout'
  activerecord (4.2.4) lib/active_record/connection_adapters/abstract/connection_pool.rb:263:in `block in connection'
  /Users/Master2015/.rvm/rubies/ruby-2.2.1/lib/ruby/2.2.0/monitor.rb:211:in `mon_synchronize'
  activerecord (4.2.4) lib/active_record/connection_adapters/abstract/connection_pool.rb:262:in `connection'
  activerecord (4.2.4) lib/active_record/connection_adapters/abstract/connection_pool.rb:571:in `retrieve_connection'
  activerecord (4.2.4) lib/active_record/connection_handling.rb:113:in `retrieve_connection'
  activerecord (4.2.4) lib/active_record/connection_handling.rb:87:in `connection'
  activerecord (4.2.4) lib/active_record/migration.rb:383:in `connection'
  activerecord (4.2.4) lib/active_record/migration.rb:370:in `call'
  actionpack (4.2.4) lib/action_dispatch/middleware/callbacks.rb:29:in `block in call'
  activesupport (4.2.4) lib/active_support/callbacks.rb:88:in `__run_callbacks__'
  activesupport (4.2.4) lib/active_support/callbacks.rb:778:in `_run_call_callbacks'
  activesupport (4.2.4) lib/active_support/callbacks.rb:81:in `run_callbacks'
  actionpack (4.2.4) lib/action_dispatch/middleware/callbacks.rb:27:in `call'
  actionpack (4.2.4) lib/action_dispatch/middleware/reloader.rb:73:in `call'
  actionpack (4.2.4) lib/action_dispatch/middleware/remote_ip.rb:78:in `call'
  actionpack (4.2.4) lib/action_dispatch/middleware/debug_exceptions.rb:17:in `call'
  web-console (2.2.1) lib/web_console/middleware.rb:39:in `call'
  actionpack (4.2.4) lib/action_dispatch/middleware/show_exceptions.rb:30:in `call'
  railties (4.2.4) lib/rails/rack/logger.rb:38:in `call_app'
  railties (4.2.4) lib/rails/rack/logger.rb:20:in `block in call'
  activesupport (4.2.4) lib/active_support/tagged_logging.rb:68:in `block in tagged'
  activesupport (4.2.4) lib/active_support/tagged_logging.rb:26:in `tagged'
  activesupport (4.2.4) lib/active_support/tagged_logging.rb:68:in `tagged'
  railties (4.2.4) lib/rails/rack/logger.rb:20:in `call'
  actionpack (4.2.4) lib/action_dispatch/middleware/request_id.rb:21:in `call'
  rack (1.6.4) lib/rack/methodoverride.rb:22:in `call'
  rack (1.6.4) lib/rack/runtime.rb:18:in `call'
  activesupport (4.2.4) lib/active_support/cache/strategy/local_cache_middleware.rb:28:in `call'
  rack (1.6.4) lib/rack/lock.rb:17:in `call'
  actionpack (4.2.4) lib/action_dispatch/middleware/static.rb:116:in `call'
  rack (1.6.4) lib/rack/sendfile.rb:113:in `call'
  railties (4.2.4) lib/rails/engine.rb:518:in `call'
  railties (4.2.4) lib/rails/application.rb:165:in `call'
  rack (1.6.4) lib/rack/lock.rb:17:in `call'
  rack (1.6.4) lib/rack/content_length.rb:15:in `call'
  rack (1.6.4) lib/rack/handler/webrick.rb:88:in `service'
  /Users/Master2015/.rvm/rubies/ruby-2.2.1/lib/ruby/2.2.0/webrick/httpserver.rb:138:in `service'
  /Users/Master2015/.rvm/rubies/ruby-2.2.1/lib/ruby/2.2.0/webrick/httpserver.rb:94:in `run'
  /Users/Master2015/.rvm/rubies/ruby-2.2.1/lib/ruby/2.2.0/webrick/server.rb:294:in `block in start_thread'


  Rendered /Users/Master2015/.rvm/gems/ruby-2.2.1/gems/actionpack-4.2.4/lib/action_dispatch/middleware/templates/rescues/_source.erb (3.6ms)
  Rendered /Users/Master2015/.rvm/gems/ruby-2.2.1/gems/actionpack-4.2.4/lib/action_dispatch/middleware/templates/rescues/_trace.html.erb (2.0ms)
  Rendered /Users/Master2015/.rvm/gems/ruby-2.2.1/gems/actionpack-4.2.4/lib/action_dispatch/middleware/templates/rescues/_request_and_response.html.erb (1.0ms)
  Rendered /Users/Master2015/.rvm/gems/ruby-2.2.1/gems/actionpack-4.2.4/lib/action_dispatch/middleware/templates/rescues/diagnostics.html.erb within rescues/layout (67.1ms)
  Rendered /Users/Master2015/.rvm/gems/ruby-2.2.1/gems/web-console-2.2.1/lib/web_console/templates/_markup.html.erb (0.6ms)
  Rendered /Users/Master2015/.rvm/gems/ruby-2.2.1/gems/web-console-2.2.1/lib/web_console/templates/_inner_console_markup.html.erb within layouts/inlined_string (0.4ms)
  Rendered /Users/Master2015/.rvm/gems/ruby-2.2.1/gems/web-console-2.2.1/lib/web_console/templates/_prompt_box_markup.html.erb within layouts/inlined_string (0.4ms)
  Rendered /Users/Master2015/.rvm/gems/ruby-2.2.1/gems/web-console-2.2.1/lib/web_console/templates/style.css.erb within layouts/inlined_string (0.3ms)
  Rendered /Users/Master2015/.rvm/gems/ruby-2.2.1/gems/web-console-2.2.1/lib/web_console/templates/console.js.erb within layouts/javascript (77.3ms)
  Rendered /Users/Master2015/.rvm/gems/ruby-2.2.1/gems/web-console-2.2.1/lib/web_console/templates/main.js.erb within layouts/javascript (0.3ms)
  Rendered /Users/Master2015/.rvm/gems/ruby-2.2.1/gems/web-console-2.2.1/lib/web_console/templates/error_page.js.erb within layouts/javascript (0.4ms)
  Rendered /Users/Master2015/.rvm/gems/ruby-2.2.1/gems/web-console-2.2.1/lib/web_console/templates/index.html.erb (177.3ms)
  [1m[36m (35.8ms)[0m  [1mCREATE TABLE "schema_migrations" ("version" character varying NOT NULL) [0m
  [1m[35m (1.9ms)[0m  CREATE UNIQUE INDEX  "unique_schema_migrations" ON "schema_migrations"  ("version")
  [1m[36mActiveRecord::SchemaMigration Load (0.5ms)[0m  [1mSELECT "schema_migrations".* FROM "schema_migrations"[0m


Started GET "/" for ::1 at 2015-11-18 12:08:43 -0800
Processing by Rails::WelcomeController#index as HTML
  Rendered /Users/Master2015/.rvm/gems/ruby-2.2.1/gems/railties-4.2.4/lib/rails/templates/rails/welcome/index.html.erb (2.2ms)
Completed 200 OK in 47ms (Views: 27.4ms | ActiveRecord: 0.0ms)
